2025-12-23 07:44:15,235 INFO Received say request: {'message': 'Hello, world!'}
2025-12-23 07:44:15,248 INFO Say executed: say Hello, world!
2025-12-23 07:44:15,250 INFO Received say request: {}
2025-12-23 07:44:15,251 ERROR Say error: Missing or invalid 'message' field
2025-12-23 08:10:54,405 INFO Received say request: {'message': 'test from server'}
2025-12-23 08:10:54,418 INFO Say executed: say test from server
2025-12-23 08:11:22,349 INFO Received say request: {'message': 'test from server'}
2025-12-23 08:11:22,367 INFO Say executed: say test from server
2025-12-23 08:13:33,012 INFO Received say request: {'message': 'Ddd'}
2025-12-23 08:13:33,031 INFO Say executed: say Ddd
2025-12-23 08:13:59,433 INFO Received say request: {'message': 'Fuck'}
2025-12-23 08:13:59,452 INFO Say executed: say Fuck
2025-12-23 08:14:03,214 INFO Received say request: {'message': 'Aaaa'}
2025-12-23 08:14:03,233 INFO Say executed: say Aaaa
2025-12-23 08:37:29,417 INFO Received say request: {'message': 'Did'}
2025-12-23 08:37:29,463 INFO Say executed: say Did
2025-12-23 08:37:36,679 INFO Received say request: {'message': 'Aaaaa'}
2025-12-23 08:37:36,727 INFO Say executed: say Aaaaa
2025-12-23 09:00:54,581 INFO Received say request: {'message': 'Balls'}
2025-12-23 09:00:54,600 INFO Say executed: say Balls
2025-12-23 09:43:53,752 INFO Received say request: {'message': 'Hello, world!'}
2025-12-23 09:43:53,765 INFO Say executed: say Hello, world!
2025-12-23 09:43:53,767 INFO Received say request: {}
2025-12-23 09:43:53,767 ERROR Say error: Missing or invalid 'message' field
2025-12-23 12:27:14,418 INFO Received say request: {'message': 'Hello, world!'}
2025-12-23 12:27:14,457 INFO Say executed: say Hello, world!
2025-12-23 12:27:14,478 INFO Received say request: {}
2025-12-23 12:27:14,478 ERROR Say error: Missing or invalid 'message' field
2025-12-23 12:28:01,348 INFO Received say request: {'message': 'Hello, world!'}
2025-12-23 12:28:01,395 INFO Say executed: say Hello, world!
2025-12-23 12:28:01,416 INFO Received say request: {}
2025-12-23 12:28:01,416 ERROR Say error: Missing or invalid 'message' field
2025-12-23 12:33:59,704 INFO Received say request: {'message': 'Hello, world!'}
2025-12-23 12:33:59,743 ERROR Say failed to send command: say Hello, world!
2025-12-23 12:33:59,811 INFO Received say request: {}
2025-12-23 12:33:59,811 ERROR Say error: Missing or invalid 'message' field
2025-12-23 12:35:24,678 INFO Received say request: {'message': 'Hello, world!'}
2025-12-23 12:35:24,717 ERROR Say failed to send command: say Hello, world!
2025-12-23 12:35:24,786 INFO Received say request: {}
2025-12-23 12:35:24,786 ERROR Say error: Missing or invalid 'message' field
2025-12-23 12:38:54,910 INFO Received say request: {'message': 'Hello, world!'}
2025-12-23 12:38:54,923 INFO Say executed: say Hello, world!
2025-12-23 12:38:54,925 INFO Received say request: {}
2025-12-23 12:38:54,925 ERROR Say error: Missing or invalid 'message' field
