2025-12-23 08:31:08,784 INFO Received time request: {'time': 'day'}
2025-12-23 08:31:08,784 INFO Time executed: time set day
2025-12-23 08:31:08,786 INFO Received time request: {'time': 6000}
2025-12-23 08:31:08,786 INFO Time executed: time set 6000
2025-12-23 08:31:08,787 INFO Received time request: {}
2025-12-23 08:31:08,788 ERROR Time error: Missing 'time' field
2025-12-23 08:31:16,964 INFO Received time request: {'time': 'day'}
2025-12-23 08:31:16,964 INFO Time executed: time set day
2025-12-23 08:31:16,967 INFO Received time request: {'time': 6000}
2025-12-23 08:31:16,967 INFO Time executed: time set 6000
2025-12-23 08:31:16,969 INFO Received time request: {}
2025-12-23 08:31:16,969 ERROR Time error: Missing 'time' field
2025-12-23 08:33:10,522 INFO Received time request: {'time': 'night'}
2025-12-23 08:33:10,535 INFO Time executed: time set night
2025-12-23 08:33:53,715 INFO Received time request: {'time': 'day'}
2025-12-23 08:33:53,727 INFO Time executed: time set day
2025-12-23 08:36:55,916 INFO Received time request: {'time': 'night'}
2025-12-23 08:36:55,961 INFO Time executed: time set night
2025-12-23 08:37:02,169 INFO Received time request: {'time': 'night'}
2025-12-23 08:37:02,215 INFO Time executed: time set night
2025-12-23 08:37:09,126 INFO Received time request: {'time': 'day'}
2025-12-23 08:37:09,172 INFO Time executed: time set day
2025-12-23 08:37:15,484 INFO Received time request: {'time': 'night'}
2025-12-23 08:37:15,531 INFO Time executed: time set night
2025-12-23 08:43:16,366 INFO Received time request: {'time': 'night'}
2025-12-23 08:43:16,412 INFO Time executed: time set night
2025-12-23 08:44:17,797 INFO Received time request: {'time': 'day'}
2025-12-23 08:44:17,842 INFO Time executed: time set day
2025-12-23 09:15:28,610 INFO Received time request: {'time': 'day'}
2025-12-23 09:15:28,656 INFO Time executed: time set day
2025-12-23 09:15:37,893 INFO Received time request: {'time': 'day'}
2025-12-23 09:15:37,911 INFO Time executed: time set day
2025-12-23 09:15:43,833 INFO Received time request: {'time': 'night'}
2025-12-23 09:15:43,850 INFO Time executed: time set night
2025-12-23 09:16:29,908 INFO Received time request: {'time': 'day'}
2025-12-23 09:16:29,952 INFO Time executed: time set day
2025-12-23 09:16:35,794 INFO Received time request: {'time': 'day'}
2025-12-23 09:16:35,840 INFO Time executed: time set day
2025-12-23 09:24:21,109 INFO Received time request: {'time': 'day'}
2025-12-23 09:24:21,154 INFO Time executed: time set day
2025-12-23 09:35:38,288 INFO Received time request: {'time': 'day'}
2025-12-23 09:35:38,332 INFO Time executed: time set day
2025-12-23 09:35:44,589 INFO Received time request: {'time': 'night'}
2025-12-23 09:35:44,635 INFO Time executed: time set night
2025-12-23 09:35:51,941 INFO Received time request: {'time': 'day'}
2025-12-23 09:35:51,987 INFO Time executed: time set day
2025-12-23 09:43:53,797 INFO Received time request: {'time': 'day'}
2025-12-23 09:43:53,797 INFO Time executed: time set day
2025-12-23 09:43:53,799 INFO Received time request: {'time': 6000}
2025-12-23 09:43:53,799 INFO Time executed: time set 6000
2025-12-23 09:43:53,801 INFO Received time request: {}
2025-12-23 09:43:53,801 ERROR Time error: Missing 'time' field
2025-12-23 12:27:14,990 INFO Received time request: {'time': 'day'}
2025-12-23 12:27:14,993 INFO Time executed: time set day
2025-12-23 12:27:15,008 INFO Received time request: {'time': 6000}
2025-12-23 12:27:15,008 INFO Time executed: time set 6000
2025-12-23 12:27:15,022 INFO Received time request: {}
2025-12-23 12:27:15,022 ERROR Time error: Missing 'time' field
2025-12-23 12:28:01,937 INFO Received time request: {'time': 'day'}
2025-12-23 12:28:01,940 INFO Time executed: time set day
2025-12-23 12:28:01,954 INFO Received time request: {'time': 6000}
2025-12-23 12:28:01,954 INFO Time executed: time set 6000
2025-12-23 12:28:01,969 INFO Received time request: {}
2025-12-23 12:28:01,969 ERROR Time error: Missing 'time' field
2025-12-23 12:34:00,387 INFO Received time request: {'time': 'day'}
2025-12-23 12:34:00,392 INFO Time executed: time set day
2025-12-23 12:34:00,406 INFO Received time request: {'time': 6000}
2025-12-23 12:34:00,406 INFO Time executed: time set 6000
2025-12-23 12:34:00,420 INFO Received time request: {}
2025-12-23 12:34:00,420 ERROR Time error: Missing 'time' field
2025-12-23 12:35:25,319 INFO Received time request: {'time': 'day'}
2025-12-23 12:35:25,324 INFO Time executed: time set day
2025-12-23 12:35:25,339 INFO Received time request: {'time': 6000}
2025-12-23 12:35:25,339 INFO Time executed: time set 6000
2025-12-23 12:35:25,354 INFO Received time request: {}
2025-12-23 12:35:25,354 ERROR Time error: Missing 'time' field
2025-12-23 12:38:54,955 INFO Received time request: {'time': 'day'}
2025-12-23 12:38:54,956 INFO Time executed: time set day
2025-12-23 12:38:54,958 INFO Received time request: {'time': 6000}
2025-12-23 12:38:54,958 INFO Time executed: time set 6000
2025-12-23 12:38:54,960 INFO Received time request: {}
2025-12-23 12:38:54,960 ERROR Time error: Missing 'time' field
